{"numFailedTestSuites":1,"numFailedTests":4,"numPassedTestSuites":8,"numPassedTests":34,"numPendingTestSuites":0,"numPendingTests":0,"numRuntimeErrorTestSuites":0,"numTodoTests":0,"numTotalTestSuites":9,"numTotalTests":38,"openHandles":[],"snapshot":{"added":0,"didUpdate":false,"failure":false,"filesAdded":0,"filesRemoved":0,"filesRemovedList":[],"filesUnmatched":0,"filesUpdated":0,"matched":0,"total":0,"unchecked":0,"uncheckedKeysByFile":[],"unmatched":0,"updated":0},"startTime":1758043192412,"success":false,"testResults":[{"assertionResults":[{"ancestorTitles":["archiveReducer"],"duration":16,"failureDetails":[],"failureMessages":[],"fullName":"archiveReducer bilinmeyen bir eylem için başlangıç durumunu döndürmeli","invocations":1,"location":null,"numPassingAsserts":1,"retryReasons":[],"status":"passed","title":"bilinmeyen bir eylem için başlangıç durumunu döndürmeli"},{"ancestorTitles":["archiveReducer"],"duration":1,"failureDetails":[],"failureMessages":[],"fullName":"archiveReducer SET_LOADING eylemini işlemeli","invocations":1,"location":null,"numPassingAsserts":1,"retryReasons":[],"status":"passed","title":"SET_LOADING eylemini işlemeli"},{"ancestorTitles":["archiveReducer"],"duration":0,"failureDetails":[],"failureMessages":[],"fullName":"archiveReducer SET_ERROR eylemini işlemeli","invocations":1,"location":null,"numPassingAsserts":1,"retryReasons":[],"status":"passed","title":"SET_ERROR eylemini işlemeli"},{"ancestorTitles":["archiveReducer"],"duration":4,"failureDetails":[],"failureMessages":[],"fullName":"archiveReducer SET_ALL_DATA eylemini işlemeli, logları sıralamalı ve başlangıç yedek/geri yükleme loglarını ayarlamalı","invocations":1,"location":null,"numPassingAsserts":7,"retryReasons":[],"status":"passed","title":"SET_ALL_DATA eylemini işlemeli, logları sıralamalı ve başlangıç yedek/geri yükleme loglarını ayarlamalı"},{"ancestorTitles":["archiveReducer"],"duration":1,"failureDetails":[],"failureMessages":[],"fullName":"archiveReducer SET_FOLDERS eylemini işlemeli","invocations":1,"location":null,"numPassingAsserts":1,"retryReasons":[],"status":"passed","title":"SET_FOLDERS eylemini işlemeli"},{"ancestorTitles":["archiveReducer"],"duration":1,"failureDetails":[],"failureMessages":[],"fullName":"archiveReducer SET_LOGS aracılığıyla ayarlandığında logları zaman damgasına göre sıralamalı","invocations":1,"location":null,"numPassingAsserts":3,"retryReasons":[],"status":"passed","title":"SET_LOGS aracılığıyla ayarlandığında logları zaman damgasına göre sıralamalı"},{"ancestorTitles":["archiveReducer"],"duration":3,"failureDetails":[],"failureMessages":[],"fullName":"archiveReducer SET_SSE_CONNECTED eylemini işlemeli","invocations":1,"location":null,"numPassingAsserts":1,"retryReasons":[],"status":"passed","title":"SET_SSE_CONNECTED eylemini işlemeli"}],"endTime":1758043195509,"message":"","name":"C:\\Users\\bekir_n0411\\Downloads\\boş-proje-taslağı\\frontend\\src\\context\\archiveReducer.test.ts","startTime":1758043194333,"status":"passed","summary":""},{"assertionResults":[{"ancestorTitles":["Badge Bileşeni"],"duration":54,"failureDetails":[],"failureMessages":[],"fullName":"Badge Bileşeni metni doğru şekilde render etmeli","invocations":1,"location":null,"numPassingAsserts":1,"retryReasons":[],"status":"passed","title":"metni doğru şekilde render etmeli"},{"ancestorTitles":["Badge Bileşeni"],"duration":9,"failureDetails":[],"failureMessages":[],"fullName":"Badge Bileşeni \"green\" için doğru renk sınıfını uygulamalı","invocations":1,"location":null,"numPassingAsserts":2,"retryReasons":[],"status":"passed","title":"\"green\" için doğru renk sınıfını uygulamalı"},{"ancestorTitles":["Badge Bileşeni"],"duration":5,"failureDetails":[],"failureMessages":[],"fullName":"Badge Bileşeni \"red\" için doğru renk sınıfını uygulamalı","invocations":1,"location":null,"numPassingAsserts":2,"retryReasons":[],"status":"passed","title":"\"red\" için doğru renk sınıfını uygulamalı"},{"ancestorTitles":["Badge Bileşeni"],"duration":5,"failureDetails":[],"failureMessages":[],"fullName":"Badge Bileşeni farklı bir metin göstermeli","invocations":1,"location":null,"numPassingAsserts":2,"retryReasons":[],"status":"passed","title":"farklı bir metin göstermeli"}],"endTime":1758043195712,"message":"","name":"C:\\Users\\bekir_n0411\\Downloads\\boş-proje-taslağı\\frontend\\src\\components\\Badge.test.tsx","startTime":1758043194323,"status":"passed","summary":""},{"assertionResults":[{"ancestorTitles":["useArchiveActions Hook'u"],"duration":37,"failureDetails":[],"failureMessages":[],"fullName":"useArchiveActions Hook'u bir klasör eklemeli ve iyimser güncellemeyi dispatch etmeli","invocations":1,"location":null,"numPassingAsserts":3,"retryReasons":[],"status":"passed","title":"bir klasör eklemeli ve iyimser güncellemeyi dispatch etmeli"},{"ancestorTitles":["useArchiveActions Hook'u"],"duration":9,"failureDetails":[],"failureMessages":[],"fullName":"useArchiveActions Hook'u API hatası durumunda klasör eklemeyi geri almalı","invocations":1,"location":null,"numPassingAsserts":3,"retryReasons":[],"status":"passed","title":"API hatası durumunda klasör eklemeyi geri almalı"},{"ancestorTitles":["useArchiveActions Hook'u"],"duration":11,"failureDetails":[],"failureMessages":[],"fullName":"useArchiveActions Hook'u çıkış işlemini yapmalı ve klasör durumunu güncellemeli","invocations":1,"location":null,"numPassingAsserts":5,"retryReasons":[],"status":"passed","title":"çıkış işlemini yapmalı ve klasör durumunu güncellemeli"},{"ancestorTitles":["useArchiveActions Hook'u"],"duration":16,"failureDetails":[],"failureMessages":[],"fullName":"useArchiveActions Hook'u iade işlemini yapmalı ve klasör durumunu güncellemeli","invocations":1,"location":null,"numPassingAsserts":5,"retryReasons":[],"status":"passed","title":"iade işlemini yapmalı ve klasör durumunu güncellemeli"},{"ancestorTitles":["useArchiveActions Hook'u"],"duration":4,"failureDetails":[],"failureMessages":[],"fullName":"useArchiveActions Hook'u çıkışta olan bir klasörü silmemeli","invocations":1,"location":null,"numPassingAsserts":2,"retryReasons":[],"status":"passed","title":"çıkışta olan bir klasörü silmemeli"},{"ancestorTitles":["useArchiveActions Hook'u"],"duration":5,"failureDetails":[],"failureMessages":[],"fullName":"useArchiveActions Hook'u çıkışta olmayan bir klasörü silmeli","invocations":1,"location":null,"numPassingAsserts":3,"retryReasons":[],"status":"passed","title":"çıkışta olmayan bir klasörü silmeli"},{"ancestorTitles":["useArchiveActions Hook'u"],"duration":4,"failureDetails":[],"failureMessages":[],"fullName":"useArchiveActions Hook'u içinde klasör olan bir birimi silmemeli","invocations":1,"location":null,"numPassingAsserts":2,"retryReasons":[],"status":"passed","title":"içinde klasör olan bir birimi silmemeli"},{"ancestorTitles":["useArchiveActions Hook'u"],"duration":2,"failureDetails":[],"failureMessages":[],"fullName":"useArchiveActions Hook'u içinde klasör olmayan bir birimi silmeli","invocations":1,"location":null,"numPassingAsserts":2,"retryReasons":[],"status":"passed","title":"içinde klasör olmayan bir birimi silmeli"}],"endTime":1758043195783,"message":"","name":"C:\\Users\\bekir_n0411\\Downloads\\boş-proje-taslağı\\frontend\\src\\hooks\\useArchiveActions.test.ts","startTime":1758043194342,"status":"passed","summary":""},{"assertionResults":[{"ancestorTitles":["DashboardCard Bileşeni"],"duration":65,"failureDetails":[],"failureMessages":[],"fullName":"DashboardCard Bileşeni başlığı ve değeri doğru şekilde render etmeli","invocations":1,"location":null,"numPassingAsserts":2,"retryReasons":[],"status":"passed","title":"başlığı ve değeri doğru şekilde render etmeli"},{"ancestorTitles":["DashboardCard Bileşeni"],"duration":6,"failureDetails":[],"failureMessages":[],"fullName":"DashboardCard Bileşeni ikonu render etmeli","invocations":1,"location":null,"numPassingAsserts":1,"retryReasons":[],"status":"passed","title":"ikonu render etmeli"},{"ancestorTitles":["DashboardCard Bileşeni"],"duration":35,"failureDetails":[],"failureMessages":[],"fullName":"DashboardCard Bileşeni ikona doğru metin rengini uygulamalı","invocations":1,"location":null,"numPassingAsserts":2,"retryReasons":[],"status":"passed","title":"ikona doğru metin rengini uygulamalı"}],"endTime":1758043195892,"message":"","name":"C:\\Users\\bekir_n0411\\Downloads\\boş-proje-taslağı\\frontend\\src\\components\\DashboardCard.test.tsx","startTime":1758043194330,"status":"passed","summary":""},{"assertionResults":[{"ancestorTitles":["Uygulama Navigasyonu"],"duration":89,"failureDetails":[],"failureMessages":[],"fullName":"Uygulama Navigasyonu varsayılan olarak Dashboard sayfasını render etmeli","invocations":1,"location":null,"numPassingAsserts":1,"retryReasons":[],"status":"passed","title":"varsayılan olarak Dashboard sayfasını render etmeli"},{"ancestorTitles":["Uygulama Navigasyonu"],"duration":182,"failureDetails":[],"failureMessages":[],"fullName":"Uygulama Navigasyonu kenar çubuğu linkine tıklandığında \"Tüm Klasörler\" sayfasına gitmeli","invocations":1,"location":null,"numPassingAsserts":2,"retryReasons":[],"status":"passed","title":"kenar çubuğu linkine tıklandığında \"Tüm Klasörler\" sayfasına gitmeli"},{"ancestorTitles":["Uygulama Navigasyonu"],"duration":89,"failureDetails":[],"failureMessages":[],"fullName":"Uygulama Navigasyonu kenar çubuğu linkine tıklandığında \"Ayarlar\" sayfasına gitmeli","invocations":1,"location":null,"numPassingAsserts":1,"retryReasons":[],"status":"passed","title":"kenar çubuğu linkine tıklandığında \"Ayarlar\" sayfasına gitmeli"}],"endTime":1758043196192,"message":"","name":"C:\\Users\\bekir_n0411\\Downloads\\boş-proje-taslağı\\frontend\\src\\App.test.tsx","startTime":1758043194322,"status":"passed","summary":""},{"assertionResults":[{"ancestorTitles":["CheckoutModal Bileşeni"],"duration":187,"failureDetails":[],"failureMessages":[],"fullName":"CheckoutModal Bileşeni yeni bir çıkış için doğru şekilde render edilir","invocations":1,"location":null,"numPassingAsserts":4,"retryReasons":[],"status":"passed","title":"yeni bir çıkış için doğru şekilde render edilir"},{"ancestorTitles":["CheckoutModal Bileşeni"],"duration":55,"failureDetails":[],"failureMessages":[],"fullName":"CheckoutModal Bileşeni düzenleme modunda formu verilerle doldurur","invocations":1,"location":null,"numPassingAsserts":5,"retryReasons":[],"status":"passed","title":"düzenleme modunda formu verilerle doldurur"},{"ancestorTitles":["CheckoutModal Bileşeni"],"duration":173,"failureDetails":[],"failureMessages":[],"fullName":"CheckoutModal Bileşeni çıkış tipine göre belge açıklamasını gösterir ve gizler","invocations":1,"location":null,"numPassingAsserts":3,"retryReasons":[],"status":"passed","title":"çıkış tipine göre belge açıklamasını gösterir ve gizler"},{"ancestorTitles":["CheckoutModal Bileşeni"],"duration":323,"failureDetails":[],"failureMessages":[],"fullName":"CheckoutModal Bileşeni gönderildiğinde onConfirm fonksiyonunu doğru verilerle çağırır","invocations":1,"location":null,"numPassingAsserts":1,"retryReasons":[],"status":"passed","title":"gönderildiğinde onConfirm fonksiyonunu doğru verilerle çağırır"}],"endTime":1758043196649,"message":"","name":"C:\\Users\\bekir_n0411\\Downloads\\boş-proje-taslağı\\frontend\\src\\components\\CheckoutModal.test.tsx","startTime":1758043194327,"status":"passed","summary":""},{"assertionResults":[{"ancestorTitles":["FolderList Sayfası"],"duration":1061,"failureDetails":[{},{"name":"TestingLibraryElementError"}],"failureMessages":["TypeError: Cannot convert undefined or null to object\n    at Function.values (<anonymous>)\n    at te (C:\\Users\\bekir_n0411\\Downloads\\boş-proje-taslağı\\frontend\\node_modules\\react-window\\lib\\utils\\arePropsEqual.ts:22:3)\n    at Ie (C:\\Users\\bekir_n0411\\Downloads\\boş-proje-taslağı\\frontend\\node_modules\\react-window\\lib\\components\\list\\List.tsx:46:5)\n    at renderWithHooks (C:\\Users\\bekir_n0411\\Downloads\\boş-proje-taslağı\\frontend\\node_modules\\react-dom\\cjs\\react-dom.development.js:15486:18)\n    at mountIndeterminateComponent (C:\\Users\\bekir_n0411\\Downloads\\boş-proje-taslağı\\frontend\\node_modules\\react-dom\\cjs\\react-dom.development.js:20103:13)\n    at beginWork (C:\\Users\\bekir_n0411\\Downloads\\boş-proje-taslağı\\frontend\\node_modules\\react-dom\\cjs\\react-dom.development.js:21626:16)\n    at beginWork$1 (C:\\Users\\bekir_n0411\\Downloads\\boş-proje-taslağı\\frontend\\node_modules\\react-dom\\cjs\\react-dom.development.js:27465:14)\n    at performUnitOfWork (C:\\Users\\bekir_n0411\\Downloads\\boş-proje-taslağı\\frontend\\node_modules\\react-dom\\cjs\\react-dom.development.js:26599:12)\n    at workLoopSync (C:\\Users\\bekir_n0411\\Downloads\\boş-proje-taslağı\\frontend\\node_modules\\react-dom\\cjs\\react-dom.development.js:26505:5)\n    at renderRootSync (C:\\Users\\bekir_n0411\\Downloads\\boş-proje-taslağı\\frontend\\node_modules\\react-dom\\cjs\\react-dom.development.js:26473:7)\n    at recoverFromConcurrentError (C:\\Users\\bekir_n0411\\Downloads\\boş-proje-taslağı\\frontend\\node_modules\\react-dom\\cjs\\react-dom.development.js:25889:20)\n    at performSyncWorkOnRoot (C:\\Users\\bekir_n0411\\Downloads\\boş-proje-taslağı\\frontend\\node_modules\\react-dom\\cjs\\react-dom.development.js:26135:20)\n    at flushSyncCallbacks (C:\\Users\\bekir_n0411\\Downloads\\boş-proje-taslağı\\frontend\\node_modules\\react-dom\\cjs\\react-dom.development.js:12042:22)\n    at C:\\Users\\bekir_n0411\\Downloads\\boş-proje-taslağı\\frontend\\node_modules\\react-dom\\cjs\\react-dom.development.js:25690:13\n    at invokeTheCallbackFunction (C:\\Users\\bekir_n0411\\Downloads\\boş-proje-taslağı\\frontend\\node_modules\\jsdom\\lib\\jsdom\\living\\generated\\Function.js:19:26)\n    at C:\\Users\\bekir_n0411\\Downloads\\boş-proje-taslağı\\frontend\\node_modules\\jsdom\\lib\\jsdom\\browser\\Window.js:554:9\n    at node:internal/process/task_queues:140:7\n    at AsyncResource.runInAsyncScope (node:async_hooks:206:9)\n    at AsyncResource.runMicrotask (node:internal/process/task_queues:137:8)\n    at processTicksAndRejections (node:internal/process/task_queues:95:5)","Error: Unable to find an element with the text: Tüm Klasörler (21). This could be because the text is broken up by multiple elements. In this case, you can provide a function for your text matcher to make your matcher more flexible.\n\nIgnored nodes: comments, script, style\n\u001b[36m<body>\u001b[39m\n  \u001b[36m<div />\u001b[39m\n\u001b[36m</body>\u001b[39m\n    at waitForWrapper (C:\\Users\\bekir_n0411\\Downloads\\boş-proje-taslağı\\frontend\\node_modules\\@testing-library\\dom\\dist\\wait-for.js:163:27)\n    at Object.<anonymous> (C:\\Users\\bekir_n0411\\Downloads\\boş-proje-taslağı\\frontend\\src\\pages\\FolderList.test.tsx:84:18)\n    at Promise.then.completed (C:\\Users\\bekir_n0411\\Downloads\\boş-proje-taslağı\\frontend\\node_modules\\jest-circus\\build\\utils.js:298:28)\n    at new Promise (<anonymous>)\n    at callAsyncCircusFn (C:\\Users\\bekir_n0411\\Downloads\\boş-proje-taslağı\\frontend\\node_modules\\jest-circus\\build\\utils.js:231:10)\n    at _callCircusTest (C:\\Users\\bekir_n0411\\Downloads\\boş-proje-taslağı\\frontend\\node_modules\\jest-circus\\build\\run.js:316:40)\n    at processTicksAndRejections (node:internal/process/task_queues:95:5)\n    at _runTest (C:\\Users\\bekir_n0411\\Downloads\\boş-proje-taslağı\\frontend\\node_modules\\jest-circus\\build\\run.js:252:3)\n    at _runTestsForDescribeBlock (C:\\Users\\bekir_n0411\\Downloads\\boş-proje-taslağı\\frontend\\node_modules\\jest-circus\\build\\run.js:126:9)\n    at _runTestsForDescribeBlock (C:\\Users\\bekir_n0411\\Downloads\\boş-proje-taslağı\\frontend\\node_modules\\jest-circus\\build\\run.js:121:9)\n    at run (C:\\Users\\bekir_n0411\\Downloads\\boş-proje-taslağı\\frontend\\node_modules\\jest-circus\\build\\run.js:71:3)\n    at runAndTransformResultsToJestFormat (C:\\Users\\bekir_n0411\\Downloads\\boş-proje-taslağı\\frontend\\node_modules\\jest-circus\\build\\legacy-code-todo-rewrite\\jestAdapterInit.js:122:21)\n    at jestAdapter (C:\\Users\\bekir_n0411\\Downloads\\boş-proje-taslağı\\frontend\\node_modules\\jest-circus\\build\\legacy-code-todo-rewrite\\jestAdapter.js:79:19)\n    at runTestInternal (C:\\Users\\bekir_n0411\\Downloads\\boş-proje-taslağı\\frontend\\node_modules\\jest-runner\\build\\runTest.js:367:16)\n    at runTest (C:\\Users\\bekir_n0411\\Downloads\\boş-proje-taslağı\\frontend\\node_modules\\jest-runner\\build\\runTest.js:444:34)\n    at Object.worker (C:\\Users\\bekir_n0411\\Downloads\\boş-proje-taslağı\\frontend\\node_modules\\jest-runner\\build\\testWorker.js:106:12)"],"fullName":"FolderList Sayfası klasörlerin bir listesini ve sayfalama kontrollerini render etmeli","invocations":1,"location":null,"numPassingAsserts":0,"retryReasons":[],"status":"failed","title":"klasörlerin bir listesini ve sayfalama kontrollerini render etmeli"},{"ancestorTitles":["FolderList Sayfası"],"duration":14,"failureDetails":[{}],"failureMessages":["TypeError: Cannot convert undefined or null to object\n    at Function.values (<anonymous>)\n    at te (C:\\Users\\bekir_n0411\\Downloads\\boş-proje-taslağı\\frontend\\node_modules\\react-window\\lib\\utils\\arePropsEqual.ts:22:3)\n    at Ie (C:\\Users\\bekir_n0411\\Downloads\\boş-proje-taslağı\\frontend\\node_modules\\react-window\\lib\\components\\list\\List.tsx:46:5)\n    at renderWithHooks (C:\\Users\\bekir_n0411\\Downloads\\boş-proje-taslağı\\frontend\\node_modules\\react-dom\\cjs\\react-dom.development.js:15486:18)\n    at mountIndeterminateComponent (C:\\Users\\bekir_n0411\\Downloads\\boş-proje-taslağı\\frontend\\node_modules\\react-dom\\cjs\\react-dom.development.js:20103:13)\n    at beginWork (C:\\Users\\bekir_n0411\\Downloads\\boş-proje-taslağı\\frontend\\node_modules\\react-dom\\cjs\\react-dom.development.js:21626:16)\n    at beginWork$1 (C:\\Users\\bekir_n0411\\Downloads\\boş-proje-taslağı\\frontend\\node_modules\\react-dom\\cjs\\react-dom.development.js:27465:14)\n    at performUnitOfWork (C:\\Users\\bekir_n0411\\Downloads\\boş-proje-taslağı\\frontend\\node_modules\\react-dom\\cjs\\react-dom.development.js:26599:12)\n    at workLoopSync (C:\\Users\\bekir_n0411\\Downloads\\boş-proje-taslağı\\frontend\\node_modules\\react-dom\\cjs\\react-dom.development.js:26505:5)\n    at renderRootSync (C:\\Users\\bekir_n0411\\Downloads\\boş-proje-taslağı\\frontend\\node_modules\\react-dom\\cjs\\react-dom.development.js:26473:7)\n    at recoverFromConcurrentError (C:\\Users\\bekir_n0411\\Downloads\\boş-proje-taslağı\\frontend\\node_modules\\react-dom\\cjs\\react-dom.development.js:25889:20)\n    at performConcurrentWorkOnRoot (C:\\Users\\bekir_n0411\\Downloads\\boş-proje-taslağı\\frontend\\node_modules\\react-dom\\cjs\\react-dom.development.js:25789:22)\n    at flushActQueue (C:\\Users\\bekir_n0411\\Downloads\\boş-proje-taslağı\\frontend\\node_modules\\react\\cjs\\react.development.js:2667:24)\n    at act (C:\\Users\\bekir_n0411\\Downloads\\boş-proje-taslağı\\frontend\\node_modules\\react\\cjs\\react.development.js:2582:11)\n    at C:\\Users\\bekir_n0411\\Downloads\\boş-proje-taslağı\\frontend\\node_modules\\@testing-library\\react\\dist\\act-compat.js:47:25\n    at renderRoot (C:\\Users\\bekir_n0411\\Downloads\\boş-proje-taslağı\\frontend\\node_modules\\@testing-library\\react\\dist\\pure.js:180:26)\n    at render (C:\\Users\\bekir_n0411\\Downloads\\boş-proje-taslağı\\frontend\\node_modules\\@testing-library\\react\\dist\\pure.js:271:10)\n    at Object.<anonymous> (C:\\Users\\bekir_n0411\\Downloads\\boş-proje-taslağı\\frontend\\src\\pages\\FolderList.test.tsx:97:11)\n    at Promise.then.completed (C:\\Users\\bekir_n0411\\Downloads\\boş-proje-taslağı\\frontend\\node_modules\\jest-circus\\build\\utils.js:298:28)\n    at new Promise (<anonymous>)\n    at callAsyncCircusFn (C:\\Users\\bekir_n0411\\Downloads\\boş-proje-taslağı\\frontend\\node_modules\\jest-circus\\build\\utils.js:231:10)\n    at _callCircusTest (C:\\Users\\bekir_n0411\\Downloads\\boş-proje-taslağı\\frontend\\node_modules\\jest-circus\\build\\run.js:316:40)\n    at _runTest (C:\\Users\\bekir_n0411\\Downloads\\boş-proje-taslağı\\frontend\\node_modules\\jest-circus\\build\\run.js:252:3)\n    at _runTestsForDescribeBlock (C:\\Users\\bekir_n0411\\Downloads\\boş-proje-taslağı\\frontend\\node_modules\\jest-circus\\build\\run.js:126:9)\n    at _runTestsForDescribeBlock (C:\\Users\\bekir_n0411\\Downloads\\boş-proje-taslağı\\frontend\\node_modules\\jest-circus\\build\\run.js:121:9)\n    at run (C:\\Users\\bekir_n0411\\Downloads\\boş-proje-taslağı\\frontend\\node_modules\\jest-circus\\build\\run.js:71:3)\n    at runAndTransformResultsToJestFormat (C:\\Users\\bekir_n0411\\Downloads\\boş-proje-taslağı\\frontend\\node_modules\\jest-circus\\build\\legacy-code-todo-rewrite\\jestAdapterInit.js:122:21)\n    at jestAdapter (C:\\Users\\bekir_n0411\\Downloads\\boş-proje-taslağı\\frontend\\node_modules\\jest-circus\\build\\legacy-code-todo-rewrite\\jestAdapter.js:79:19)\n    at runTestInternal (C:\\Users\\bekir_n0411\\Downloads\\boş-proje-taslağı\\frontend\\node_modules\\jest-runner\\build\\runTest.js:367:16)\n    at runTest (C:\\Users\\bekir_n0411\\Downloads\\boş-proje-taslağı\\frontend\\node_modules\\jest-runner\\build\\runTest.js:444:34)\n    at Object.worker (C:\\Users\\bekir_n0411\\Downloads\\boş-proje-taslağı\\frontend\\node_modules\\jest-runner\\build\\testWorker.js:106:12)"],"fullName":"FolderList Sayfası \"Sonraki\" butonuna tıklandığında sonraki sayfayı getirmeli ve göstermeli","invocations":1,"location":null,"numPassingAsserts":0,"retryReasons":[],"status":"failed","title":"\"Sonraki\" butonuna tıklandığında sonraki sayfayı getirmeli ve göstermeli"},{"ancestorTitles":["FolderList Sayfası"],"duration":9,"failureDetails":[{}],"failureMessages":["TypeError: Cannot convert undefined or null to object\n    at Function.values (<anonymous>)\n    at te (C:\\Users\\bekir_n0411\\Downloads\\boş-proje-taslağı\\frontend\\node_modules\\react-window\\lib\\utils\\arePropsEqual.ts:22:3)\n    at Ie (C:\\Users\\bekir_n0411\\Downloads\\boş-proje-taslağı\\frontend\\node_modules\\react-window\\lib\\components\\list\\List.tsx:46:5)\n    at renderWithHooks (C:\\Users\\bekir_n0411\\Downloads\\boş-proje-taslağı\\frontend\\node_modules\\react-dom\\cjs\\react-dom.development.js:15486:18)\n    at mountIndeterminateComponent (C:\\Users\\bekir_n0411\\Downloads\\boş-proje-taslağı\\frontend\\node_modules\\react-dom\\cjs\\react-dom.development.js:20103:13)\n    at beginWork (C:\\Users\\bekir_n0411\\Downloads\\boş-proje-taslağı\\frontend\\node_modules\\react-dom\\cjs\\react-dom.development.js:21626:16)\n    at beginWork$1 (C:\\Users\\bekir_n0411\\Downloads\\boş-proje-taslağı\\frontend\\node_modules\\react-dom\\cjs\\react-dom.development.js:27465:14)\n    at performUnitOfWork (C:\\Users\\bekir_n0411\\Downloads\\boş-proje-taslağı\\frontend\\node_modules\\react-dom\\cjs\\react-dom.development.js:26599:12)\n    at workLoopSync (C:\\Users\\bekir_n0411\\Downloads\\boş-proje-taslağı\\frontend\\node_modules\\react-dom\\cjs\\react-dom.development.js:26505:5)\n    at renderRootSync (C:\\Users\\bekir_n0411\\Downloads\\boş-proje-taslağı\\frontend\\node_modules\\react-dom\\cjs\\react-dom.development.js:26473:7)\n    at recoverFromConcurrentError (C:\\Users\\bekir_n0411\\Downloads\\boş-proje-taslağı\\frontend\\node_modules\\react-dom\\cjs\\react-dom.development.js:25889:20)\n    at performConcurrentWorkOnRoot (C:\\Users\\bekir_n0411\\Downloads\\boş-proje-taslağı\\frontend\\node_modules\\react-dom\\cjs\\react-dom.development.js:25789:22)\n    at flushActQueue (C:\\Users\\bekir_n0411\\Downloads\\boş-proje-taslağı\\frontend\\node_modules\\react\\cjs\\react.development.js:2667:24)\n    at act (C:\\Users\\bekir_n0411\\Downloads\\boş-proje-taslağı\\frontend\\node_modules\\react\\cjs\\react.development.js:2582:11)\n    at C:\\Users\\bekir_n0411\\Downloads\\boş-proje-taslağı\\frontend\\node_modules\\@testing-library\\react\\dist\\act-compat.js:47:25\n    at renderRoot (C:\\Users\\bekir_n0411\\Downloads\\boş-proje-taslağı\\frontend\\node_modules\\@testing-library\\react\\dist\\pure.js:180:26)\n    at render (C:\\Users\\bekir_n0411\\Downloads\\boş-proje-taslağı\\frontend\\node_modules\\@testing-library\\react\\dist\\pure.js:271:10)\n    at Object.<anonymous> (C:\\Users\\bekir_n0411\\Downloads\\boş-proje-taslağı\\frontend\\src\\pages\\FolderList.test.tsx:114:11)\n    at Promise.then.completed (C:\\Users\\bekir_n0411\\Downloads\\boş-proje-taslağı\\frontend\\node_modules\\jest-circus\\build\\utils.js:298:28)\n    at new Promise (<anonymous>)\n    at callAsyncCircusFn (C:\\Users\\bekir_n0411\\Downloads\\boş-proje-taslağı\\frontend\\node_modules\\jest-circus\\build\\utils.js:231:10)\n    at _callCircusTest (C:\\Users\\bekir_n0411\\Downloads\\boş-proje-taslağı\\frontend\\node_modules\\jest-circus\\build\\run.js:316:40)\n    at _runTest (C:\\Users\\bekir_n0411\\Downloads\\boş-proje-taslağı\\frontend\\node_modules\\jest-circus\\build\\run.js:252:3)\n    at _runTestsForDescribeBlock (C:\\Users\\bekir_n0411\\Downloads\\boş-proje-taslağı\\frontend\\node_modules\\jest-circus\\build\\run.js:126:9)\n    at _runTestsForDescribeBlock (C:\\Users\\bekir_n0411\\Downloads\\boş-proje-taslağı\\frontend\\node_modules\\jest-circus\\build\\run.js:121:9)\n    at run (C:\\Users\\bekir_n0411\\Downloads\\boş-proje-taslağı\\frontend\\node_modules\\jest-circus\\build\\run.js:71:3)\n    at runAndTransformResultsToJestFormat (C:\\Users\\bekir_n0411\\Downloads\\boş-proje-taslağı\\frontend\\node_modules\\jest-circus\\build\\legacy-code-todo-rewrite\\jestAdapterInit.js:122:21)\n    at jestAdapter (C:\\Users\\bekir_n0411\\Downloads\\boş-proje-taslağı\\frontend\\node_modules\\jest-circus\\build\\legacy-code-todo-rewrite\\jestAdapter.js:79:19)\n    at runTestInternal (C:\\Users\\bekir_n0411\\Downloads\\boş-proje-taslağı\\frontend\\node_modules\\jest-runner\\build\\runTest.js:367:16)\n    at runTest (C:\\Users\\bekir_n0411\\Downloads\\boş-proje-taslağı\\frontend\\node_modules\\jest-runner\\build\\runTest.js:444:34)\n    at Object.worker (C:\\Users\\bekir_n0411\\Downloads\\boş-proje-taslağı\\frontend\\node_modules\\jest-runner\\build\\testWorker.js:106:12)"],"fullName":"FolderList Sayfası çıkış butonuna tıklandığında çıkış modalını açmalı","invocations":1,"location":null,"numPassingAsserts":0,"retryReasons":[],"status":"failed","title":"çıkış butonuna tıklandığında çıkış modalını açmalı"},{"ancestorTitles":["FolderList Sayfası"],"duration":9,"failureDetails":[{}],"failureMessages":["TypeError: Cannot convert undefined or null to object\n    at Function.values (<anonymous>)\n    at te (C:\\Users\\bekir_n0411\\Downloads\\boş-proje-taslağı\\frontend\\node_modules\\react-window\\lib\\utils\\arePropsEqual.ts:22:3)\n    at Ie (C:\\Users\\bekir_n0411\\Downloads\\boş-proje-taslağı\\frontend\\node_modules\\react-window\\lib\\components\\list\\List.tsx:46:5)\n    at renderWithHooks (C:\\Users\\bekir_n0411\\Downloads\\boş-proje-taslağı\\frontend\\node_modules\\react-dom\\cjs\\react-dom.development.js:15486:18)\n    at mountIndeterminateComponent (C:\\Users\\bekir_n0411\\Downloads\\boş-proje-taslağı\\frontend\\node_modules\\react-dom\\cjs\\react-dom.development.js:20103:13)\n    at beginWork (C:\\Users\\bekir_n0411\\Downloads\\boş-proje-taslağı\\frontend\\node_modules\\react-dom\\cjs\\react-dom.development.js:21626:16)\n    at beginWork$1 (C:\\Users\\bekir_n0411\\Downloads\\boş-proje-taslağı\\frontend\\node_modules\\react-dom\\cjs\\react-dom.development.js:27465:14)\n    at performUnitOfWork (C:\\Users\\bekir_n0411\\Downloads\\boş-proje-taslağı\\frontend\\node_modules\\react-dom\\cjs\\react-dom.development.js:26599:12)\n    at workLoopSync (C:\\Users\\bekir_n0411\\Downloads\\boş-proje-taslağı\\frontend\\node_modules\\react-dom\\cjs\\react-dom.development.js:26505:5)\n    at renderRootSync (C:\\Users\\bekir_n0411\\Downloads\\boş-proje-taslağı\\frontend\\node_modules\\react-dom\\cjs\\react-dom.development.js:26473:7)\n    at recoverFromConcurrentError (C:\\Users\\bekir_n0411\\Downloads\\boş-proje-taslağı\\frontend\\node_modules\\react-dom\\cjs\\react-dom.development.js:25889:20)\n    at performConcurrentWorkOnRoot (C:\\Users\\bekir_n0411\\Downloads\\boş-proje-taslağı\\frontend\\node_modules\\react-dom\\cjs\\react-dom.development.js:25789:22)\n    at flushActQueue (C:\\Users\\bekir_n0411\\Downloads\\boş-proje-taslağı\\frontend\\node_modules\\react\\cjs\\react.development.js:2667:24)\n    at act (C:\\Users\\bekir_n0411\\Downloads\\boş-proje-taslağı\\frontend\\node_modules\\react\\cjs\\react.development.js:2582:11)\n    at C:\\Users\\bekir_n0411\\Downloads\\boş-proje-taslağı\\frontend\\node_modules\\@testing-library\\react\\dist\\act-compat.js:47:25\n    at renderRoot (C:\\Users\\bekir_n0411\\Downloads\\boş-proje-taslağı\\frontend\\node_modules\\@testing-library\\react\\dist\\pure.js:180:26)\n    at render (C:\\Users\\bekir_n0411\\Downloads\\boş-proje-taslağı\\frontend\\node_modules\\@testing-library\\react\\dist\\pure.js:271:10)\n    at Object.<anonymous> (C:\\Users\\bekir_n0411\\Downloads\\boş-proje-taslağı\\frontend\\src\\pages\\FolderList.test.tsx:127:11)\n    at Promise.then.completed (C:\\Users\\bekir_n0411\\Downloads\\boş-proje-taslağı\\frontend\\node_modules\\jest-circus\\build\\utils.js:298:28)\n    at new Promise (<anonymous>)\n    at callAsyncCircusFn (C:\\Users\\bekir_n0411\\Downloads\\boş-proje-taslağı\\frontend\\node_modules\\jest-circus\\build\\utils.js:231:10)\n    at _callCircusTest (C:\\Users\\bekir_n0411\\Downloads\\boş-proje-taslağı\\frontend\\node_modules\\jest-circus\\build\\run.js:316:40)\n    at _runTest (C:\\Users\\bekir_n0411\\Downloads\\boş-proje-taslağı\\frontend\\node_modules\\jest-circus\\build\\run.js:252:3)\n    at _runTestsForDescribeBlock (C:\\Users\\bekir_n0411\\Downloads\\boş-proje-taslağı\\frontend\\node_modules\\jest-circus\\build\\run.js:126:9)\n    at _runTestsForDescribeBlock (C:\\Users\\bekir_n0411\\Downloads\\boş-proje-taslağı\\frontend\\node_modules\\jest-circus\\build\\run.js:121:9)\n    at run (C:\\Users\\bekir_n0411\\Downloads\\boş-proje-taslağı\\frontend\\node_modules\\jest-circus\\build\\run.js:71:3)\n    at runAndTransformResultsToJestFormat (C:\\Users\\bekir_n0411\\Downloads\\boş-proje-taslağı\\frontend\\node_modules\\jest-circus\\build\\legacy-code-todo-rewrite\\jestAdapterInit.js:122:21)\n    at jestAdapter (C:\\Users\\bekir_n0411\\Downloads\\boş-proje-taslağı\\frontend\\node_modules\\jest-circus\\build\\legacy-code-todo-rewrite\\jestAdapter.js:79:19)\n    at runTestInternal (C:\\Users\\bekir_n0411\\Downloads\\boş-proje-taslağı\\frontend\\node_modules\\jest-runner\\build\\runTest.js:367:16)\n    at runTest (C:\\Users\\bekir_n0411\\Downloads\\boş-proje-taslağı\\frontend\\node_modules\\jest-runner\\build\\runTest.js:444:34)\n    at Object.worker (C:\\Users\\bekir_n0411\\Downloads\\boş-proje-taslağı\\frontend\\node_modules\\jest-runner\\build\\testWorker.js:106:12)"],"fullName":"FolderList Sayfası sil butonuna tıklandığında silme modalını açmalı","invocations":1,"location":null,"numPassingAsserts":0,"retryReasons":[],"status":"failed","title":"sil butonuna tıklandığında silme modalını açmalı"}],"endTime":1758043197100,"message":"\u001b[1m\u001b[31m  \u001b[1m● \u001b[22m\u001b[1mFolderList Sayfası › klasörlerin bir listesini ve sayfalama kontrollerini render etmeli\u001b[39m\u001b[22m\n\n    TypeError: Cannot convert undefined or null to object\n        at Function.values (<anonymous>)\n\u001b[2m\u001b[22m\n\u001b[2m      \u001b[2mat te (\u001b[22m\u001b[2mnode_modules/react-window/lib/utils/arePropsEqual.ts\u001b[2m:22:3)\u001b[22m\u001b[2m\u001b[22m\n\u001b[2m      \u001b[2mat Ie (\u001b[22m\u001b[2mnode_modules/react-window/lib/components/list/List.tsx\u001b[2m:46:5)\u001b[22m\u001b[2m\u001b[22m\n\u001b[2m      \u001b[2mat renderWithHooks (\u001b[22m\u001b[2mnode_modules/react-dom/cjs/react-dom.development.js\u001b[2m:15486:18)\u001b[22m\u001b[2m\u001b[22m\n\u001b[2m      \u001b[2mat mountIndeterminateComponent (\u001b[22m\u001b[2mnode_modules/react-dom/cjs/react-dom.development.js\u001b[2m:20103:13)\u001b[22m\u001b[2m\u001b[22m\n\u001b[2m      \u001b[2mat beginWork (\u001b[22m\u001b[2mnode_modules/react-dom/cjs/react-dom.development.js\u001b[2m:21626:16)\u001b[22m\u001b[2m\u001b[22m\n\u001b[2m      \u001b[2mat beginWork$1 (\u001b[22m\u001b[2mnode_modules/react-dom/cjs/react-dom.development.js\u001b[2m:27465:14)\u001b[22m\u001b[2m\u001b[22m\n\u001b[2m      \u001b[2mat performUnitOfWork (\u001b[22m\u001b[2mnode_modules/react-dom/cjs/react-dom.development.js\u001b[2m:26599:12)\u001b[22m\u001b[2m\u001b[22m\n\u001b[2m      \u001b[2mat workLoopSync (\u001b[22m\u001b[2mnode_modules/react-dom/cjs/react-dom.development.js\u001b[2m:26505:5)\u001b[22m\u001b[2m\u001b[22m\n\u001b[2m      \u001b[2mat renderRootSync (\u001b[22m\u001b[2mnode_modules/react-dom/cjs/react-dom.development.js\u001b[2m:26473:7)\u001b[22m\u001b[2m\u001b[22m\n\u001b[2m      \u001b[2mat recoverFromConcurrentError (\u001b[22m\u001b[2mnode_modules/react-dom/cjs/react-dom.development.js\u001b[2m:25889:20)\u001b[22m\u001b[2m\u001b[22m\n\u001b[2m      \u001b[2mat performSyncWorkOnRoot (\u001b[22m\u001b[2mnode_modules/react-dom/cjs/react-dom.development.js\u001b[2m:26135:20)\u001b[22m\u001b[2m\u001b[22m\n\u001b[2m      \u001b[2mat flushSyncCallbacks (\u001b[22m\u001b[2mnode_modules/react-dom/cjs/react-dom.development.js\u001b[2m:12042:22)\u001b[22m\u001b[2m\u001b[22m\n\u001b[2m      \u001b[2mat \u001b[22m\u001b[2mnode_modules/react-dom/cjs/react-dom.development.js\u001b[2m:25690:13\u001b[22m\u001b[2m\u001b[22m\n\u001b[2m      \u001b[2mat invokeTheCallbackFunction (\u001b[22m\u001b[2mnode_modules/jsdom/lib/jsdom/living/generated/Function.js\u001b[2m:19:26)\u001b[22m\u001b[2m\u001b[22m\n\u001b[2m      \u001b[2mat \u001b[22m\u001b[2mnode_modules/jsdom/lib/jsdom/browser/Window.js\u001b[2m:554:9\u001b[22m\u001b[2m\u001b[22m\n\n\u001b[1m\u001b[31m  \u001b[1m● \u001b[22m\u001b[1mFolderList Sayfası › klasörlerin bir listesini ve sayfalama kontrollerini render etmeli\u001b[39m\u001b[22m\n\n    Unable to find an element with the text: Tüm Klasörler (21). This could be because the text is broken up by multiple elements. In this case, you can provide a function for your text matcher to make your matcher more flexible.\n\n    Ignored nodes: comments, script, style\n    \u001b[36m<body>\u001b[39m\n      \u001b[36m<div />\u001b[39m\n    \u001b[36m</body>\u001b[39m\n\u001b[2m\u001b[22m\n\u001b[2m    \u001b[0m \u001b[90m 82 |\u001b[39m     render(\u001b[33m<\u001b[39m\u001b[33mFolderList\u001b[39m onEditFolder\u001b[33m=\u001b[39m{jest\u001b[33m.\u001b[39mfn()} \u001b[33m/\u001b[39m\u001b[33m>\u001b[39m\u001b[33m,\u001b[39m { wrapper\u001b[33m:\u001b[39m \u001b[33mAllTheProviders\u001b[39m })\u001b[33m;\u001b[39m\u001b[22m\n\u001b[2m     \u001b[90m 83 |\u001b[39m\u001b[22m\n\u001b[2m    \u001b[31m\u001b[1m>\u001b[22m\u001b[2m\u001b[39m\u001b[90m 84 |\u001b[39m     \u001b[36mawait\u001b[39m waitFor(() \u001b[33m=>\u001b[39m {\u001b[22m\n\u001b[2m     \u001b[90m    |\u001b[39m                  \u001b[31m\u001b[1m^\u001b[22m\u001b[2m\u001b[39m\u001b[22m\n\u001b[2m     \u001b[90m 85 |\u001b[39m       expect(screen\u001b[33m.\u001b[39mgetByText(\u001b[32m'Tüm Klasörler (21)'\u001b[39m))\u001b[33m.\u001b[39mtoBeTruthy()\u001b[33m;\u001b[39m\u001b[22m\n\u001b[2m     \u001b[90m 86 |\u001b[39m     })\u001b[33m;\u001b[39m\u001b[22m\n\u001b[2m     \u001b[90m 87 |\u001b[39m\u001b[0m\u001b[22m\n\u001b[2m\u001b[22m\n\u001b[2m      \u001b[2mat waitForWrapper (\u001b[22m\u001b[2mnode_modules/@testing-library/dom/dist/wait-for.js\u001b[2m:163:27)\u001b[22m\u001b[2m\u001b[22m\n\u001b[2m      \u001b[2mat Object.<anonymous> (\u001b[22m\u001b[2m\u001b[0m\u001b[36msrc/pages/FolderList.test.tsx\u001b[39m\u001b[0m\u001b[2m:84:18)\u001b[22m\u001b[2m\u001b[22m\n\n\u001b[1m\u001b[31m  \u001b[1m● \u001b[22m\u001b[1mFolderList Sayfası › \"Sonraki\" butonuna tıklandığında sonraki sayfayı getirmeli ve göstermeli\u001b[39m\u001b[22m\n\n    TypeError: Cannot convert undefined or null to object\n        at Function.values (<anonymous>)\n\u001b[2m\u001b[22m\n\u001b[2m    \u001b[0m \u001b[90m  95 |\u001b[39m   it(\u001b[32m'\"Sonraki\" butonuna tıklandığında sonraki sayfayı getirmeli ve göstermeli'\u001b[39m\u001b[33m,\u001b[39m \u001b[36masync\u001b[39m () \u001b[33m=>\u001b[39m {\u001b[22m\n\u001b[2m     \u001b[90m  96 |\u001b[39m     \u001b[36mconst\u001b[39m user \u001b[33m=\u001b[39m userEvent\u001b[33m.\u001b[39msetup()\u001b[33m;\u001b[39m\u001b[22m\n\u001b[2m    \u001b[31m\u001b[1m>\u001b[22m\u001b[2m\u001b[39m\u001b[90m  97 |\u001b[39m     render(\u001b[33m<\u001b[39m\u001b[33mFolderList\u001b[39m onEditFolder\u001b[33m=\u001b[39m{jest\u001b[33m.\u001b[39mfn()} \u001b[33m/\u001b[39m\u001b[33m>\u001b[39m\u001b[33m,\u001b[39m { wrapper\u001b[33m:\u001b[39m \u001b[33mAllTheProviders\u001b[39m })\u001b[33m;\u001b[39m\u001b[22m\n\u001b[2m     \u001b[90m     |\u001b[39m           \u001b[31m\u001b[1m^\u001b[22m\u001b[2m\u001b[39m\u001b[22m\n\u001b[2m     \u001b[90m  98 |\u001b[39m\u001b[22m\n\u001b[2m     \u001b[90m  99 |\u001b[39m     \u001b[36mawait\u001b[39m waitFor(() \u001b[33m=>\u001b[39m expect(screen\u001b[33m.\u001b[39mgetByText(\u001b[32m'Tüm Klasörler (21)'\u001b[39m))\u001b[33m.\u001b[39mtoBeTruthy())\u001b[33m;\u001b[39m\u001b[22m\n\u001b[2m     \u001b[90m 100 |\u001b[39m\u001b[0m\u001b[22m\n\u001b[2m\u001b[22m\n\u001b[2m      \u001b[2mat te (\u001b[22m\u001b[2mnode_modules/react-window/lib/utils/arePropsEqual.ts\u001b[2m:22:3)\u001b[22m\u001b[2m\u001b[22m\n\u001b[2m      \u001b[2mat Ie (\u001b[22m\u001b[2mnode_modules/react-window/lib/components/list/List.tsx\u001b[2m:46:5)\u001b[22m\u001b[2m\u001b[22m\n\u001b[2m      \u001b[2mat renderWithHooks (\u001b[22m\u001b[2mnode_modules/react-dom/cjs/react-dom.development.js\u001b[2m:15486:18)\u001b[22m\u001b[2m\u001b[22m\n\u001b[2m      \u001b[2mat mountIndeterminateComponent (\u001b[22m\u001b[2mnode_modules/react-dom/cjs/react-dom.development.js\u001b[2m:20103:13)\u001b[22m\u001b[2m\u001b[22m\n\u001b[2m      \u001b[2mat beginWork (\u001b[22m\u001b[2mnode_modules/react-dom/cjs/react-dom.development.js\u001b[2m:21626:16)\u001b[22m\u001b[2m\u001b[22m\n\u001b[2m      \u001b[2mat beginWork$1 (\u001b[22m\u001b[2mnode_modules/react-dom/cjs/react-dom.development.js\u001b[2m:27465:14)\u001b[22m\u001b[2m\u001b[22m\n\u001b[2m      \u001b[2mat performUnitOfWork (\u001b[22m\u001b[2mnode_modules/react-dom/cjs/react-dom.development.js\u001b[2m:26599:12)\u001b[22m\u001b[2m\u001b[22m\n\u001b[2m      \u001b[2mat workLoopSync (\u001b[22m\u001b[2mnode_modules/react-dom/cjs/react-dom.development.js\u001b[2m:26505:5)\u001b[22m\u001b[2m\u001b[22m\n\u001b[2m      \u001b[2mat renderRootSync (\u001b[22m\u001b[2mnode_modules/react-dom/cjs/react-dom.development.js\u001b[2m:26473:7)\u001b[22m\u001b[2m\u001b[22m\n\u001b[2m      \u001b[2mat recoverFromConcurrentError (\u001b[22m\u001b[2mnode_modules/react-dom/cjs/react-dom.development.js\u001b[2m:25889:20)\u001b[22m\u001b[2m\u001b[22m\n\u001b[2m      \u001b[2mat performConcurrentWorkOnRoot (\u001b[22m\u001b[2mnode_modules/react-dom/cjs/react-dom.development.js\u001b[2m:25789:22)\u001b[22m\u001b[2m\u001b[22m\n\u001b[2m      \u001b[2mat flushActQueue (\u001b[22m\u001b[2mnode_modules/react/cjs/react.development.js\u001b[2m:2667:24)\u001b[22m\u001b[2m\u001b[22m\n\u001b[2m      \u001b[2mat act (\u001b[22m\u001b[2mnode_modules/react/cjs/react.development.js\u001b[2m:2582:11)\u001b[22m\u001b[2m\u001b[22m\n\u001b[2m      \u001b[2mat \u001b[22m\u001b[2mnode_modules/@testing-library/react/dist/act-compat.js\u001b[2m:47:25\u001b[22m\u001b[2m\u001b[22m\n\u001b[2m      \u001b[2mat renderRoot (\u001b[22m\u001b[2mnode_modules/@testing-library/react/dist/pure.js\u001b[2m:180:26)\u001b[22m\u001b[2m\u001b[22m\n\u001b[2m      \u001b[2mat render (\u001b[22m\u001b[2mnode_modules/@testing-library/react/dist/pure.js\u001b[2m:271:10)\u001b[22m\u001b[2m\u001b[22m\n\u001b[2m      \u001b[2mat Object.<anonymous> (\u001b[22m\u001b[2m\u001b[0m\u001b[36msrc/pages/FolderList.test.tsx\u001b[39m\u001b[0m\u001b[2m:97:11)\u001b[22m\u001b[2m\u001b[22m\n\n\u001b[1m\u001b[31m  \u001b[1m● \u001b[22m\u001b[1mFolderList Sayfası › çıkış butonuna tıklandığında çıkış modalını açmalı\u001b[39m\u001b[22m\n\n    TypeError: Cannot convert undefined or null to object\n        at Function.values (<anonymous>)\n\u001b[2m\u001b[22m\n\u001b[2m    \u001b[0m \u001b[90m 112 |\u001b[39m   it(\u001b[32m'çıkış butonuna tıklandığında çıkış modalını açmalı'\u001b[39m\u001b[33m,\u001b[39m \u001b[36masync\u001b[39m () \u001b[33m=>\u001b[39m {\u001b[22m\n\u001b[2m     \u001b[90m 113 |\u001b[39m     \u001b[36mconst\u001b[39m user \u001b[33m=\u001b[39m userEvent\u001b[33m.\u001b[39msetup()\u001b[33m;\u001b[39m\u001b[22m\n\u001b[2m    \u001b[31m\u001b[1m>\u001b[22m\u001b[2m\u001b[39m\u001b[90m 114 |\u001b[39m     render(\u001b[33m<\u001b[39m\u001b[33mFolderList\u001b[39m onEditFolder\u001b[33m=\u001b[39m{jest\u001b[33m.\u001b[39mfn()} \u001b[33m/\u001b[39m\u001b[33m>\u001b[39m\u001b[33m,\u001b[39m { wrapper\u001b[33m:\u001b[39m \u001b[33mAllTheProviders\u001b[39m })\u001b[33m;\u001b[39m\u001b[22m\n\u001b[2m     \u001b[90m     |\u001b[39m           \u001b[31m\u001b[1m^\u001b[22m\u001b[2m\u001b[39m\u001b[22m\n\u001b[2m     \u001b[90m 115 |\u001b[39m     \u001b[36mawait\u001b[39m waitFor(() \u001b[33m=>\u001b[39m expect(screen\u001b[33m.\u001b[39mgetByRole(\u001b[32m'heading'\u001b[39m\u001b[33m,\u001b[39m { name\u001b[33m:\u001b[39m \u001b[35m/Test Folder 1$/i\u001b[39m }))\u001b[33m.\u001b[39mtoBeTruthy())\u001b[33m;\u001b[39m\u001b[22m\n\u001b[2m     \u001b[90m 116 |\u001b[39m\u001b[22m\n\u001b[2m     \u001b[90m 117 |\u001b[39m     \u001b[36mconst\u001b[39m checkoutButtons \u001b[33m=\u001b[39m screen\u001b[33m.\u001b[39mgetAllByTitle(\u001b[32m'Çıkış Ver'\u001b[39m)\u001b[33m;\u001b[39m\u001b[0m\u001b[22m\n\u001b[2m\u001b[22m\n\u001b[2m      \u001b[2mat te (\u001b[22m\u001b[2mnode_modules/react-window/lib/utils/arePropsEqual.ts\u001b[2m:22:3)\u001b[22m\u001b[2m\u001b[22m\n\u001b[2m      \u001b[2mat Ie (\u001b[22m\u001b[2mnode_modules/react-window/lib/components/list/List.tsx\u001b[2m:46:5)\u001b[22m\u001b[2m\u001b[22m\n\u001b[2m      \u001b[2mat renderWithHooks (\u001b[22m\u001b[2mnode_modules/react-dom/cjs/react-dom.development.js\u001b[2m:15486:18)\u001b[22m\u001b[2m\u001b[22m\n\u001b[2m      \u001b[2mat mountIndeterminateComponent (\u001b[22m\u001b[2mnode_modules/react-dom/cjs/react-dom.development.js\u001b[2m:20103:13)\u001b[22m\u001b[2m\u001b[22m\n\u001b[2m      \u001b[2mat beginWork (\u001b[22m\u001b[2mnode_modules/react-dom/cjs/react-dom.development.js\u001b[2m:21626:16)\u001b[22m\u001b[2m\u001b[22m\n\u001b[2m      \u001b[2mat beginWork$1 (\u001b[22m\u001b[2mnode_modules/react-dom/cjs/react-dom.development.js\u001b[2m:27465:14)\u001b[22m\u001b[2m\u001b[22m\n\u001b[2m      \u001b[2mat performUnitOfWork (\u001b[22m\u001b[2mnode_modules/react-dom/cjs/react-dom.development.js\u001b[2m:26599:12)\u001b[22m\u001b[2m\u001b[22m\n\u001b[2m      \u001b[2mat workLoopSync (\u001b[22m\u001b[2mnode_modules/react-dom/cjs/react-dom.development.js\u001b[2m:26505:5)\u001b[22m\u001b[2m\u001b[22m\n\u001b[2m      \u001b[2mat renderRootSync (\u001b[22m\u001b[2mnode_modules/react-dom/cjs/react-dom.development.js\u001b[2m:26473:7)\u001b[22m\u001b[2m\u001b[22m\n\u001b[2m      \u001b[2mat recoverFromConcurrentError (\u001b[22m\u001b[2mnode_modules/react-dom/cjs/react-dom.development.js\u001b[2m:25889:20)\u001b[22m\u001b[2m\u001b[22m\n\u001b[2m      \u001b[2mat performConcurrentWorkOnRoot (\u001b[22m\u001b[2mnode_modules/react-dom/cjs/react-dom.development.js\u001b[2m:25789:22)\u001b[22m\u001b[2m\u001b[22m\n\u001b[2m      \u001b[2mat flushActQueue (\u001b[22m\u001b[2mnode_modules/react/cjs/react.development.js\u001b[2m:2667:24)\u001b[22m\u001b[2m\u001b[22m\n\u001b[2m      \u001b[2mat act (\u001b[22m\u001b[2mnode_modules/react/cjs/react.development.js\u001b[2m:2582:11)\u001b[22m\u001b[2m\u001b[22m\n\u001b[2m      \u001b[2mat \u001b[22m\u001b[2mnode_modules/@testing-library/react/dist/act-compat.js\u001b[2m:47:25\u001b[22m\u001b[2m\u001b[22m\n\u001b[2m      \u001b[2mat renderRoot (\u001b[22m\u001b[2mnode_modules/@testing-library/react/dist/pure.js\u001b[2m:180:26)\u001b[22m\u001b[2m\u001b[22m\n\u001b[2m      \u001b[2mat render (\u001b[22m\u001b[2mnode_modules/@testing-library/react/dist/pure.js\u001b[2m:271:10)\u001b[22m\u001b[2m\u001b[22m\n\u001b[2m      \u001b[2mat Object.<anonymous> (\u001b[22m\u001b[2m\u001b[0m\u001b[36msrc/pages/FolderList.test.tsx\u001b[39m\u001b[0m\u001b[2m:114:11)\u001b[22m\u001b[2m\u001b[22m\n\n\u001b[1m\u001b[31m  \u001b[1m● \u001b[22m\u001b[1mFolderList Sayfası › sil butonuna tıklandığında silme modalını açmalı\u001b[39m\u001b[22m\n\n    TypeError: Cannot convert undefined or null to object\n        at Function.values (<anonymous>)\n\u001b[2m\u001b[22m\n\u001b[2m    \u001b[0m \u001b[90m 125 |\u001b[39m   it(\u001b[32m'sil butonuna tıklandığında silme modalını açmalı'\u001b[39m\u001b[33m,\u001b[39m \u001b[36masync\u001b[39m () \u001b[33m=>\u001b[39m {\u001b[22m\n\u001b[2m     \u001b[90m 126 |\u001b[39m     \u001b[36mconst\u001b[39m user \u001b[33m=\u001b[39m userEvent\u001b[33m.\u001b[39msetup()\u001b[33m;\u001b[39m\u001b[22m\n\u001b[2m    \u001b[31m\u001b[1m>\u001b[22m\u001b[2m\u001b[39m\u001b[90m 127 |\u001b[39m     render(\u001b[33m<\u001b[39m\u001b[33mFolderList\u001b[39m onEditFolder\u001b[33m=\u001b[39m{jest\u001b[33m.\u001b[39mfn()} \u001b[33m/\u001b[39m\u001b[33m>\u001b[39m\u001b[33m,\u001b[39m { wrapper\u001b[33m:\u001b[39m \u001b[33mAllTheProviders\u001b[39m })\u001b[33m;\u001b[39m\u001b[22m\n\u001b[2m     \u001b[90m     |\u001b[39m           \u001b[31m\u001b[1m^\u001b[22m\u001b[2m\u001b[39m\u001b[22m\n\u001b[2m     \u001b[90m 128 |\u001b[39m     \u001b[36mawait\u001b[39m waitFor(() \u001b[33m=>\u001b[39m expect(screen\u001b[33m.\u001b[39mgetByRole(\u001b[32m'heading'\u001b[39m\u001b[33m,\u001b[39m { name\u001b[33m:\u001b[39m \u001b[35m/Test Folder 1$/i\u001b[39m }))\u001b[33m.\u001b[39mtoBeTruthy())\u001b[33m;\u001b[39m\u001b[22m\n\u001b[2m     \u001b[90m 129 |\u001b[39m     \u001b[22m\n\u001b[2m     \u001b[90m 130 |\u001b[39m     \u001b[36mconst\u001b[39m deleteButtons \u001b[33m=\u001b[39m screen\u001b[33m.\u001b[39mgetAllByTitle(\u001b[32m'Sil'\u001b[39m)\u001b[33m;\u001b[39m\u001b[0m\u001b[22m\n\u001b[2m\u001b[22m\n\u001b[2m      \u001b[2mat te (\u001b[22m\u001b[2mnode_modules/react-window/lib/utils/arePropsEqual.ts\u001b[2m:22:3)\u001b[22m\u001b[2m\u001b[22m\n\u001b[2m      \u001b[2mat Ie (\u001b[22m\u001b[2mnode_modules/react-window/lib/components/list/List.tsx\u001b[2m:46:5)\u001b[22m\u001b[2m\u001b[22m\n\u001b[2m      \u001b[2mat renderWithHooks (\u001b[22m\u001b[2mnode_modules/react-dom/cjs/react-dom.development.js\u001b[2m:15486:18)\u001b[22m\u001b[2m\u001b[22m\n\u001b[2m      \u001b[2mat mountIndeterminateComponent (\u001b[22m\u001b[2mnode_modules/react-dom/cjs/react-dom.development.js\u001b[2m:20103:13)\u001b[22m\u001b[2m\u001b[22m\n\u001b[2m      \u001b[2mat beginWork (\u001b[22m\u001b[2mnode_modules/react-dom/cjs/react-dom.development.js\u001b[2m:21626:16)\u001b[22m\u001b[2m\u001b[22m\n\u001b[2m      \u001b[2mat beginWork$1 (\u001b[22m\u001b[2mnode_modules/react-dom/cjs/react-dom.development.js\u001b[2m:27465:14)\u001b[22m\u001b[2m\u001b[22m\n\u001b[2m      \u001b[2mat performUnitOfWork (\u001b[22m\u001b[2mnode_modules/react-dom/cjs/react-dom.development.js\u001b[2m:26599:12)\u001b[22m\u001b[2m\u001b[22m\n\u001b[2m      \u001b[2mat workLoopSync (\u001b[22m\u001b[2mnode_modules/react-dom/cjs/react-dom.development.js\u001b[2m:26505:5)\u001b[22m\u001b[2m\u001b[22m\n\u001b[2m      \u001b[2mat renderRootSync (\u001b[22m\u001b[2mnode_modules/react-dom/cjs/react-dom.development.js\u001b[2m:26473:7)\u001b[22m\u001b[2m\u001b[22m\n\u001b[2m      \u001b[2mat recoverFromConcurrentError (\u001b[22m\u001b[2mnode_modules/react-dom/cjs/react-dom.development.js\u001b[2m:25889:20)\u001b[22m\u001b[2m\u001b[22m\n\u001b[2m      \u001b[2mat performConcurrentWorkOnRoot (\u001b[22m\u001b[2mnode_modules/react-dom/cjs/react-dom.development.js\u001b[2m:25789:22)\u001b[22m\u001b[2m\u001b[22m\n\u001b[2m      \u001b[2mat flushActQueue (\u001b[22m\u001b[2mnode_modules/react/cjs/react.development.js\u001b[2m:2667:24)\u001b[22m\u001b[2m\u001b[22m\n\u001b[2m      \u001b[2mat act (\u001b[22m\u001b[2mnode_modules/react/cjs/react.development.js\u001b[2m:2582:11)\u001b[22m\u001b[2m\u001b[22m\n\u001b[2m      \u001b[2mat \u001b[22m\u001b[2mnode_modules/@testing-library/react/dist/act-compat.js\u001b[2m:47:25\u001b[22m\u001b[2m\u001b[22m\n\u001b[2m      \u001b[2mat renderRoot (\u001b[22m\u001b[2mnode_modules/@testing-library/react/dist/pure.js\u001b[2m:180:26)\u001b[22m\u001b[2m\u001b[22m\n\u001b[2m      \u001b[2mat render (\u001b[22m\u001b[2mnode_modules/@testing-library/react/dist/pure.js\u001b[2m:271:10)\u001b[22m\u001b[2m\u001b[22m\n\u001b[2m      \u001b[2mat Object.<anonymous> (\u001b[22m\u001b[2m\u001b[0m\u001b[36msrc/pages/FolderList.test.tsx\u001b[39m\u001b[0m\u001b[2m:127:11)\u001b[22m\u001b[2m\u001b[22m\n","name":"C:\\Users\\bekir_n0411\\Downloads\\boş-proje-taslağı\\frontend\\src\\pages\\FolderList.test.tsx","startTime":1758043194323,"status":"failed","summary":""},{"assertionResults":[{"ancestorTitles":["Ayarlar Sayfası"],"duration":384,"failureDetails":[],"failureMessages":[],"fullName":"Ayarlar Sayfası mevcut ayarları yükleyip göstermeli","invocations":1,"location":null,"numPassingAsserts":2,"retryReasons":[],"status":"passed","title":"mevcut ayarları yükleyip göstermeli"},{"ancestorTitles":["Ayarlar Sayfası"],"duration":417,"failureDetails":[],"failureMessages":[],"fullName":"Ayarlar Sayfası bir ayarı değiştirip kaydetmeye izin vermeli","invocations":1,"location":null,"numPassingAsserts":2,"retryReasons":[],"status":"passed","title":"bir ayarı değiştirip kaydetmeye izin vermeli"},{"ancestorTitles":["Ayarlar Sayfası"],"duration":696,"failureDetails":[],"failureMessages":[],"fullName":"Ayarlar Sayfası \"Yeni Birim Ekle\" modalını açmalı, doldurmaya ve göndermeye izin vermeli","invocations":1,"location":null,"numPassingAsserts":3,"retryReasons":[],"status":"passed","title":"\"Yeni Birim Ekle\" modalını açmalı, doldurmaya ve göndermeye izin vermeli"}],"endTime":1758043197443,"message":"","name":"C:\\Users\\bekir_n0411\\Downloads\\boş-proje-taslağı\\frontend\\src\\pages\\Settings.test.tsx","startTime":1758043194325,"status":"passed","summary":""},{"assertionResults":[{"ancestorTitles":["FolderForm Bileşeni"],"duration":1183,"failureDetails":[],"failureMessages":[],"fullName":"FolderForm Bileşeni kullanıcının yeni bir klasör için formu doldurup göndermesine izin vermeli","invocations":1,"location":null,"numPassingAsserts":3,"retryReasons":[],"status":"passed","title":"kullanıcının yeni bir klasör için formu doldurup göndermesine izin vermeli"},{"ancestorTitles":["FolderForm Bileşeni"],"duration":416,"failureDetails":[],"failureMessages":[],"fullName":"FolderForm Bileşeni düzenleme modunda formu verilerle doldurmalı ve güncellemeleri göndermeli","invocations":1,"location":null,"numPassingAsserts":5,"retryReasons":[],"status":"passed","title":"düzenleme modunda formu verilerle doldurmalı ve güncellemeleri göndermeli"}],"endTime":1758043197503,"message":"","name":"C:\\Users\\bekir_n0411\\Downloads\\boş-proje-taslağı\\frontend\\src\\pages\\FolderForm.test.tsx","startTime":1758043194312,"status":"passed","summary":""}],"wasInterrupted":false}
